<?xml version="1.0" encoding="UTF-8" ?>
<testsuite failures="0" time="0.156" errors="1" skipped="0" tests="1" name="net.praqma.clearcase.test.Testing">
  <properties>
[...]
</properties>
  <testcase time="0.064" classname="net.praqma.clearcase.test.Testing" name="testBasic">
    <error type="java.lang.NullPointerException">java.lang.NullPointerException
	at net.praqma.clearcase.test.CoolTestCase.setUp(CoolTestCase.java:156)
	at junit.framework.TestCase.runBare(TestCase.java:132)
	at net.praqma.clearcase.test.CoolTestCase.runBare(CoolTestCase.java:181)
	at junit.framework.TestResult$1.protect(TestResult.java:110)
	at junit.framework.TestResult.runProtected(TestResult.java:128)
	at junit.framework.TestResult.run(TestResult.java:113)
	at junit.framework.TestCase.run(TestCase.java:124)
	at junit.framework.TestSuite.runTest(TestSuite.java:243)
	at junit.framework.TestSuite.run(TestSuite.java:238)
	at org.junit.internal.runners.JUnit38ClassRunner.run(JUnit38ClassRunner.java:83)
	at org.apache.maven.surefire.junit4.JUnit4TestSet.execute(JUnit4TestSet.java:35)
	at org.apache.maven.surefire.junit4.JUnit4Provider.executeTestSet(JUnit4Provider.java:115)
	at org.apache.maven.surefire.junit4.JUnit4Provider.invoke(JUnit4Provider.java:97)
	at sun.reflect.NativeMethodAccessorImpl.invoke0(Native Method)
	at sun.reflect.NativeMethodAccessorImpl.invoke(NativeMethodAccessorImpl.java:39)
	at sun.reflect.DelegatingMethodAccessorImpl.invoke(DelegatingMethodAccessorImpl.java:25)
	at java.lang.reflect.Method.invoke(Method.java:597)
	at org.apache.maven.surefire.booter.ProviderFactory$ClassLoaderProxy.invoke(ProviderFactory.java:103)
	at $Proxy0.invoke(Unknown Source)
	at org.apache.maven.surefire.booter.SurefireStarter.invokeProvider(SurefireStarter.java:150)
	at org.apache.maven.surefire.booter.SurefireStarter.runSuitesInProcess(SurefireStarter.java:91)
	at org.apache.maven.surefire.booter.ForkedBooter.main(ForkedBooter.java:69)
</error>
    <system-out>@HL
@HL-------------------------------------------------------
@HL T E S T S
@HL-------------------------------------------------------
@SLRunning net.praqma.clearcase.test.Testing
STATIC
[VERBOSE]  Constructor
[INFO]     BEFORE BARE
[DEBUG]    Setup ClearCase
[DEBUG]    Loading vob \TESTING_PVOB
[DEBUG]    Running on Windows 7
[DEBUG]    Using special windows environment
[DEBUG]    $(0) cleartool describe vob:\TESTING_PVOB
[DEBUG]    Abnormal process termination(1): &apos;cleartool&apos; is not recognized as an internal or external command,
operable program or batch file.
[FATAL]    The PVob \TESTING_PVOB already exists
</system-out>
  </testcase>
</testsuite>